TD-FUNCAPPROX-0020-16-01-A-Tbase2.718, 0.010065690095359315, 0.041032008055407326, 0.19255840325583606
TD-FUNCAPPROX-0020-16-01-B-Tbase2.718, 0.014164569924980377, 0.035634603236188826, 0.15286785692853871
TD-FUNCAPPROX-0020-16-01-C-Tbase2.718, 0.016300294846961105, 0.039308430250870545, 0.13061439191147847
TD-FUNCAPPROX-0020-16-01-D-Tbase2.718, 0.010552818010539197, 0.039760551176553825, 0.15585076100061318
TD-FUNCAPPROX-0020-16-01-E-Tbase2.718, 0.0442168713190474, 0.0533898222244692, 0.5203785228122222
TD-FUNCAPPROX-0020-16-01-F-Tbase2.718, 0.011431616178764549, 0.05582550942339219, 0.22610081789753522
TD-FUNCAPPROX-0020-16-01-G-Tbase2.718, 0.01491244105405259, 0.03985908409778358, 0.1879913626997778
TD-FUNCAPPROX-0020-16-01-H-Tbase2.718, 0.017795209947598197, 0.03895952175506943, 0.17044208547893702
TD-FUNCAPPROX-0020-16-01-I-Tbase2.718, 0.019610442483223463, 0.03752108424135703, 0.16287171351585328
TD-FUNCAPPROX-0020-16-01-J-Tbase2.718, 0.019182167745250764, 0.03191142154715457, 0.1601782318700355
TD-FUNCAPPROX-0020-16-02-A-Tbase2.718, 0.013525344085524086, 0.08638863476980005, 0.19080000648500342
TD-FUNCAPPROX-0020-16-02-B-Tbase2.718, 0.008791945016712318, 0.05613336028308058, 0.18282622799792012
TD-FUNCAPPROX-0020-16-02-C-Tbase2.718, 0.02440049397262963, 0.08822061805977613, 0.23743510331661136
TD-FUNCAPPROX-0020-16-02-D-Tbase2.718, 0.0245390803582593, 0.08795221496455957, 0.23730260964185626
TD-FUNCAPPROX-0020-16-02-E-Tbase2.718, 0.02127622851218166, 0.07162822232567309, 0.2227141659762616
TD-FUNCAPPROX-0020-16-02-F-Tbase2.718, 0.024202187502501683, 0.09519598958175601, 0.23899327490181357
TD-FUNCAPPROX-0020-16-02-G-Tbase2.718, 0.03329114304313222, 0.05455056570888952, 0.5203785228122222
TD-FUNCAPPROX-0020-16-02-H-Tbase2.718, 0.008546005962998033, 0.05292833713849338, 0.17974330243129688
TD-FUNCAPPROX-0020-16-02-I-Tbase2.718, 0.008533349777631821, 0.04056881318232228, 0.14324200237023316
TD-FUNCAPPROX-0020-16-02-J-Tbase2.718, 0.011897600191512224, 0.04222071083992878, 0.19819401814580068
TD-FUNCAPPROX-0020-16-03-A-Tbase2.718, 0.0010433229667464617, 0.04860121414238126, 0.24929591145538957
TD-FUNCAPPROX-0020-16-03-B-Tbase2.718, 0.012059139764578033, 0.08660899452445743, 0.2557913778438208
TD-FUNCAPPROX-0020-16-03-C-Tbase2.718, 0.016675269354774706, 0.06325397605267641, 0.23412751728192044
TD-FUNCAPPROX-0020-16-03-D-Tbase2.718, 0.01705449911712117, 0.07702995513133541, 0.2616068207332859
TD-FUNCAPPROX-0020-16-03-E-Tbase2.718, 0.023410583048871843, 0.06947426055989821, 0.2814949574087425
TD-FUNCAPPROX-0020-16-03-F-Tbase2.718, 0.0174390460865377, 0.07372065145740302, 0.20064187219672502
TD-FUNCAPPROX-0020-16-03-G-Tbase2.718, 0.013293833595374154, 0.03707890298970364, 0.2161328224038892
TD-FUNCAPPROX-0020-16-03-H-Tbase2.718, 0.0017539701405220743, 0.08929464764669218, 0.23434818700218735
TD-FUNCAPPROX-0020-16-03-I-Tbase2.718, 0.0009347627230809404, 0.062328912463902555, 0.22759014650224896
TD-FUNCAPPROX-0020-16-03-J-Tbase2.718, 0.0011178430627380746, 0.06079905833943772, 0.2687415231164347
TD-FUNCAPPROX-0020-16-04-A-Tbase2.718, 0.008102767340781669, 0.034788773603638794, 0.11758475107082345
TD-FUNCAPPROX-0020-16-04-B-Tbase2.718, 0.010116305606100771, 0.06387702353176651, 0.08259516815569425
TD-FUNCAPPROX-0020-16-04-C-Tbase2.718, 0.00806732369554764, 0.03336150859570425, 0.09508952356731537
TD-FUNCAPPROX-0020-16-04-D-Tbase2.718, 0.013073230801227251, 0.06984530144775825, 0.13289264921722344
TD-FUNCAPPROX-0020-16-04-E-Tbase2.718, 0.008478876869439147, 0.048398182700483745, 0.16789136101117852
TD-FUNCAPPROX-0020-16-04-F-Tbase2.718, 0.01302651505655583, 0.03352071355079383, 0.14109259710268288
TD-FUNCAPPROX-0020-16-04-G-Tbase2.718, 0.011683218596290965, 0.036424138271902225, 0.1601420583333967
TD-FUNCAPPROX-0020-16-04-H-Tbase2.718, 0.01306892682080178, 0.03398017306157267, 0.1405068306456343
TD-FUNCAPPROX-0020-16-04-I-Tbase2.718, 0.012885187242119614, 0.03406773642320228, 0.15662896250266634
TD-FUNCAPPROX-0020-16-04-J-Tbase2.718, 0.008887140685081861, 0.0492358127061286, 0.1949898897704863
TD-FUNCAPPROX-0020-16-05-A-Tbase2.718, 0.028227501706131086, 0.038067879715746204, 0.2054831601784461
TD-FUNCAPPROX-0020-16-05-B-Tbase2.718, 0.002233873295513684, 0.03511604025610367, 0.1789010216385405
TD-FUNCAPPROX-0020-16-05-C-Tbase2.718, 0.029121225477788098, 0.03352421559362616, 0.2192547071830266
TD-FUNCAPPROX-0020-16-05-D-Tbase2.718, 0.0033077976421318663, 0.035302385135937364, 0.16870271956827798
TD-FUNCAPPROX-0020-16-05-E-Tbase2.718, 0.029760906288864665, 0.04088116711602912, 0.19471798577465943
TD-FUNCAPPROX-0020-16-05-F-Tbase2.718, 0.002523856868655935, 0.03037691105783011, 0.17318695027693137
TD-FUNCAPPROX-0020-16-05-G-Tbase2.718, 0.0027386504238104984, 0.031758073450332235, 0.1329044790780826
TD-FUNCAPPROX-0020-16-05-H-Tbase2.718, 0.011551203627817527, 0.034957570187621405, 0.20291013849570283
TD-FUNCAPPROX-0020-16-05-I-Tbase2.718, 0.028494230083458805, 0.03726195932451209, 0.21148528085210255
TD-FUNCAPPROX-0020-16-05-J-Tbase2.718, 0.028414878733193386, 0.03358993740195107, 0.23129271642424992
TD-FUNCAPPROX-0020-16-06-A-Tbase2.718, 0.006205395210966024, 0.041859105124110424, 0.09995357686164816
TD-FUNCAPPROX-0020-16-06-B-Tbase2.718, 0.006308487882377686, 0.04817769532702386, 0.09687827242564277
TD-FUNCAPPROX-0020-16-06-C-Tbase2.718, 0.006578560584383229, 0.046112969321314895, 0.12758331835035347
TD-FUNCAPPROX-0020-16-06-D-Tbase2.718, 0.009581735477882583, 0.057543965304806606, 0.10177916424612683
TD-FUNCAPPROX-0020-16-06-E-Tbase2.718, 0.006925419096682542, 0.03523669214329984, 0.14488007002663839
TD-FUNCAPPROX-0020-16-06-F-Tbase2.718, 0.008530169998763786, 0.06955462775302446, 0.15278773819039793
TD-FUNCAPPROX-0020-16-06-G-Tbase2.718, 0.006975419319950081, 0.030307837720636, 0.12110923178252696
TD-FUNCAPPROX-0020-16-06-H-Tbase2.718, 0.01087732781779465, 0.03424721804779162, 0.1704535102772578
TD-FUNCAPPROX-0020-16-06-I-Tbase2.718, 0.0067312877599558655, 0.03696310574622554, 0.13167891523933856
TD-FUNCAPPROX-0020-16-06-J-Tbase2.718, 0.036383467440572914, 0.037908123379012226, 0.2360218299657934
TD-FUNCAPPROX-0020-16-07-A-Tbase2.718, 0.01114990686250332, 0.04652123087760432, 0.16340593819802685
TD-FUNCAPPROX-0020-16-07-B-Tbase2.718, 0.008031826211941834, 0.05484179275602789, 0.16537426873536865
TD-FUNCAPPROX-0020-16-07-C-Tbase2.718, 0.016244508017168466, 0.03284510308020832, 0.19242636981881533
TD-FUNCAPPROX-0020-16-07-D-Tbase2.718, 0.005009187074352048, 0.06809309348668705, 0.23883259968607282
TD-FUNCAPPROX-0020-16-07-E-Tbase2.718, 0.0043803983232258955, 0.04709988794764155, 0.18188265823616112
TD-FUNCAPPROX-0020-16-07-F-Tbase2.718, 0.004285974339092125, 0.06097403490269472, 0.21919542279117388
TD-FUNCAPPROX-0020-16-07-G-Tbase2.718, 0.005084081729007346, 0.08620535383135626, 0.21209900043161323
TD-FUNCAPPROX-0020-16-07-H-Tbase2.718, 0.0104324048868733, 0.04202074684376287, 0.19221888245942464
TD-FUNCAPPROX-0020-16-07-I-Tbase2.718, 0.018682808113846084, 0.05526176770238119, 0.14772144548184668
TD-FUNCAPPROX-0020-16-07-J-Tbase2.718, 0.01076116393061034, 0.055120360535178645, 0.1771808085716883
TD-FUNCAPPROX-0020-16-08-A-Tbase2.718, 0.010989199967338468, 0.10865699371084261, 0.21510761920377505
TD-FUNCAPPROX-0020-16-08-B-Tbase2.718, 0.024758499274908172, 0.11624040260472178, 0.20420969442561573
TD-FUNCAPPROX-0020-16-08-C-Tbase2.718, 0.01688349665795297, 0.10385075640764306, 0.17260542990554834
TD-FUNCAPPROX-0020-16-08-D-Tbase2.718, 0.014703705109820267, 0.08367632540711849, 0.20849865137331802
TD-FUNCAPPROX-0020-16-08-E-Tbase2.718, 0.011914653402761361, 0.08422056425458084, 0.19905895438034835
TD-FUNCAPPROX-0020-16-08-F-Tbase2.718, 0.0150208386340327, 0.1084416024184087, 0.17952105698244006
TD-FUNCAPPROX-0020-16-08-G-Tbase2.718, 0.026669749381556987, 0.12139678607785279, 0.23339206684751157
TD-FUNCAPPROX-0020-16-08-H-Tbase2.718, 0.011958976466700114, 0.09252979530857222, 0.23268339007956987
TD-FUNCAPPROX-0020-16-08-I-Tbase2.718, 0.025371472847032756, 0.12001323713189685, 0.1743894813642462
TD-FUNCAPPROX-0020-16-08-J-Tbase2.718, 0.037742902495201625, 0.0778882809390539, 0.19467393421688012
TD-FUNCAPPROX-0020-16-09-A-Tbase2.718, 0.011338648266205042, 0.06781977935943896, 0.2609449844489199
TD-FUNCAPPROX-0020-16-09-B-Tbase2.718, 0.014169898696089846, 0.04310379336117956, 0.18388318948815513
TD-FUNCAPPROX-0020-16-09-C-Tbase2.718, 0.0066299034085000475, 0.07042344626758874, 0.2743162640349566
TD-FUNCAPPROX-0020-16-09-D-Tbase2.718, 0.0126118067492525, 0.05870572203657169, 0.15824701967171295
TD-FUNCAPPROX-0020-16-09-E-Tbase2.718, 0.02483234147794995, 0.059534643618476914, 0.17064588103964423
TD-FUNCAPPROX-0020-16-09-F-Tbase2.718, 0.014520869106156523, 0.04609427065468583, 0.16611372402647245
TD-FUNCAPPROX-0020-16-09-G-Tbase2.718, 0.026632817809096952, 0.05011677785874499, 0.2889207075732914
TD-FUNCAPPROX-0020-16-09-H-Tbase2.718, 0.011373963852071125, 0.07389743655744091, 0.2161853431632686
TD-FUNCAPPROX-0020-16-09-I-Tbase2.718, 0.016365022142111885, 0.0487866839366358, 0.15387943849036662
TD-FUNCAPPROX-0020-16-09-J-Tbase2.718, 0.01529031024745156, 0.04727843819544077, 0.1724752252167545
